  C:\Program Files\Git\cmd\git.exe
  AnimBlendAssocGroup.cpp
  AnimBlendAssociation.cpp
  AnimBlendClumpData.cpp
  AnimBlendHierarchy.cpp
  AnimBlendNode.cpp
  AnimBlendSequence.cpp
  AnimManager.cpp
  Bones.cpp
  CutsceneMgr.cpp
  FrameUpdate.cpp
  RpAnimBlend.cpp
C:\Users\mtayk\Desktop\SOURCES\re3-miami\re3\src\animation\RpAnimBlend.cpp(424,66): warning C4312: приведение типов: преобразование из "uint32" в "void *" большего размера
  AudioCollision.cpp
  AudioLogic.cpp
C:\Users\mtayk\Desktop\SOURCES\re3-miami\re3\src\audio\AudioLogic.cpp(1123,9): warning C4018: <: несоответствие типов со знаком и без знака
C:\Users\mtayk\Desktop\SOURCES\re3-miami\re3\src\audio\AudioLogic.cpp(1123,9): warning C4018: >: несоответствие типов со знаком и без знака
  AudioManager.cpp
  AudioScriptObject.cpp
  DMAudio.cpp
  MusicManager.cpp
C:\Users\mtayk\Desktop\SOURCES\re3-miami\re3\src\audio\MusicManager.cpp(117,17): warning C4018: >: несоответствие типов со знаком и без знака
  PoliceRadio.cpp
  eax-util.cpp
  aldlist.cpp
  Создание кода...
  Компиляция...
  channel.cpp
C:\Users\mtayk\Desktop\SOURCES\re3-miami\re3\src\audio\oal\channel.cpp(116,54): warning C4267: аргумент: преобразование из "size_t" в "ALsizei"; возможна потеря данных
  oal_utils.cpp
  stream.cpp
C:\Users\mtayk\Desktop\SOURCES\re3-miami\re3\src\audio\oal\stream.cpp(333,16): warning C4267: инициализация: преобразование из "size_t" в "uint32"; возможна потеря данных
C:\Users\mtayk\Desktop\SOURCES\re3-miami\re3\src\audio\oal\stream.cpp(774,53): warning C4267: return: преобразование из "size_t" в "uint32"; возможна потеря данных
C:\Users\mtayk\Desktop\SOURCES\re3-miami\re3\src\audio\oal\stream.cpp(819,14): warning C4267: инициализация: преобразование из "size_t" в "uint32"; возможна потеря данных
C:\Users\mtayk\Desktop\SOURCES\re3-miami\re3\src\audio\oal\stream.cpp(831,14): warning C4267: аргумент: преобразование из "size_t" в "int32"; возможна потеря данных
C:\Users\mtayk\Desktop\SOURCES\re3-miami\re3\src\audio\oal\stream.cpp(835,30): warning C4267: инициализация: преобразование из "size_t" в "int"; возможна потеря данных
  sampman_miles.cpp
  sampman_null.cpp
  sampman_oal.cpp
C:\Users\mtayk\Desktop\SOURCES\re3-miami\re3\src\audio\sampman_oal.cpp(1867,15): warning C4018: <: несоответствие типов со знаком и без знака
  Building.cpp
  Treadable.cpp
  ColBox.cpp
  ColLine.cpp
  ColModel.cpp
  ColPoint.cpp
  ColSphere.cpp
  ColStore.cpp
  ColTriangle.cpp
  Collision.cpp
  TempColModels.cpp
  VuCollision.cpp
  AutoPilot.cpp
  Bridge.cpp
  Создание кода...
  Компиляция...
  CarAI.cpp
  CarCtrl.cpp
C:\Users\mtayk\Desktop\SOURCES\re3-miami\re3\src\control\CarCtrl.cpp(1061,97): warning C4018: <=: несоответствие типов со знаком и без знака
  Curves.cpp
  Darkel.cpp
  GameLogic.cpp
  Garages.cpp
  NameGrid.cpp
  OnscreenTimer.cpp
  PathFind.cpp
  Phones.cpp
C:\Users\mtayk\Desktop\SOURCES\re3-miami\re3\src\control\Phones.cpp(310,23): warning C4312: приведение типов: преобразование из "int" в "CEntity *" большего размера
  Pickups.cpp
C:\Users\mtayk\Desktop\SOURCES\re3-miami\re3\src\control\Pickups.cpp(538,58): warning C4018: >=: несоответствие типов со знаком и без знака
C:\Users\mtayk\Desktop\SOURCES\re3-miami\re3\src\control\Pickups.cpp(1465,29): warning C4312: приведение типов: преобразование из "int" в "CObject *" большего размера
C:\Users\mtayk\Desktop\SOURCES\re3-miami\re3\src\control\Pickups.cpp(1467,34): warning C4312: приведение типов: преобразование из "int" в "CObject *" большего размера
  PowerPoints.cpp
  Record.cpp
  Remote.cpp
  Replay.cpp
  Restart.cpp
  RoadBlocks.cpp
  SceneEdit.cpp
  Script.cpp
  Script2.cpp
  Создание кода...
  Компиляция...
  Script3.cpp
  Script4.cpp
  Script5.cpp
  Script6.cpp
  Script7.cpp
  Script8.cpp
  SetPieces.cpp
  TrafficLights.cpp
  Accident.cpp
  AnimViewer.cpp
  Cam.cpp
  Camera.cpp
  CdStream.cpp
  CdStreamPosix.cpp
  Clock.cpp
  ControllerConfig.cpp
  Debug.cpp
  Directory.cpp
  EventList.cpp
  FileLoader.cpp
  Создание кода...
  Компиляция...
  FileMgr.cpp
  Fire.cpp
  FrontEndControls.cpp
  Frontend.cpp
  Frontend_PS2.cpp
  Game.cpp
  IniFile.cpp
  Lists.cpp
  MenuScreens.cpp
  MenuScreensCustom.cpp
  Pad.cpp
C:\Users\mtayk\Desktop\SOURCES\re3-miami\re3\src\core\Pad.cpp(1641,16): warning C4018: <: несоответствие типов со знаком и без знака
  Placeable.cpp
  PlayerInfo.cpp
  Pools.cpp
  Profile.cpp
  Radar.cpp
  Range2D.cpp
  Range3D.cpp
  References.cpp
  Ropes.cpp
  Создание кода...
  Компиляция...
  Stats.cpp
  Streaming.cpp
  SurfaceTable.cpp
  TimeStep.cpp
  Timer.cpp
  User.cpp
  Wanted.cpp
  World.cpp
  ZoneCull.cpp
  Zones.cpp
  main.cpp
  obrstr.cpp
  re3.cpp
C:\Users\mtayk\Desktop\SOURCES\re3-miami\re3\src\core\re3.cpp(377,14): warning C4267: инициализация: преобразование из "size_t" в "int"; возможна потеря данных
C:\Users\mtayk\Desktop\SOURCES\re3-miami\re3\src\core\re3.cpp(451,11): warning C4267: инициализация: преобразование из "size_t" в "int"; возможна потеря данных
C:\Users\mtayk\Desktop\SOURCES\re3-miami\re3\src\extras\ini_parser.hpp(176,43): warning C4267: return: преобразование из "size_t" в "int"; возможна потеря данных
  (компиляция исходного файла "../src/core/re3.cpp")
      C:\Users\mtayk\Desktop\SOURCES\re3-miami\re3\src\extras\ini_parser.hpp(176,43):
      контекст создания экземпляра шаблона (сначала самый старый)
          C:\Users\mtayk\Desktop\SOURCES\re3-miami\re3\src\core\re3.cpp(194,11):
          выполняется компиляция ссылки на экземпляр класс шаблон функции "linb::basic_ini<char,std::basic_string<char,std::char_traits<char>,std::allocator<char>>,std::map<StringType,StringType,std::less<StringType>,std::allocator<std::pair<const StringType,StringType>>>,std::map<StringType,KeyContainer,std::less<StringType>,std::allocator<std::pair<const StringType,KeyContainer>>>>"
          with
          [
              StringType=std::basic_string<char,std::char_traits<char>,std::allocator<char>>,
              KeyContainer=std::map<std::basic_string<char,std::char_traits<char>,std::allocator<char>>,std::basic_string<char,std::char_traits<char>,std::allocator<char>>,std::less<std::basic_string<char,std::char_traits<char>,std::allocator<char>>>,std::allocator<std::pair<const std::basic_string<char,std::char_traits<char>,std::allocator<char>>,std::basic_string<char,std::char_traits<char>,std::allocator<char>>>>>
          ]
          C:\Users\mtayk\Desktop\SOURCES\re3-miami\re3\src\extras\ini_parser.hpp(171,17):
          во время компиляции функции-члена класс шаблон "int linb::basic_ini<char,std::basic_string<char,std::char_traits<char>,std::allocator<char>>,std::map<StringType,StringType,std::less<StringType>,std::allocator<std::pair<const StringType,StringType>>>,std::map<StringType,KeyContainer,std::less<StringType>,std::allocator<std::pair<const StringType,KeyContainer>>>>::category_size(const std::basic_string<char,std::char_traits<char>,std::allocator<char>> &)"
          with
          [
              StringType=std::basic_string<char,std::char_traits<char>,std::allocator<char>>,
              KeyContainer=std::map<std::basic_string<char,std::char_traits<char>,std::allocator<char>>,std::basic_string<char,std::char_traits<char>,std::allocator<char>>,std::less<std::basic_string<char,std::char_traits<char>,std::allocator<char>>>,std::allocator<std::pair<const std::basic_string<char,std::char_traits<char>,std::allocator<char>>,std::basic_string<char,std::char_traits<char>,std::allocator<char>>>>>
          ]
              C:\Users\mtayk\Desktop\SOURCES\re3-miami\re3\src\core\re3.cpp(364,39):
              см. первую ссылку на linb::basic_ini<char,std::basic_string<char,std::char_traits<char>,std::allocator<char>>,std::map<StringType,StringType,std::less<StringType>,std::allocator<std::pair<const StringType,StringType>>>,std::map<StringType,KeyContainer,std::less<StringType>,std::allocator<std::pair<const StringType,KeyContainer>>>>::category_size "LoadINIControllerSettings"
          with
          [
              StringType=std::basic_string<char,std::char_traits<char>,std::allocator<char>>,
              KeyContainer=std::map<std::basic_string<char,std::char_traits<char>,std::allocator<char>>,std::basic_string<char,std::char_traits<char>,std::allocator<char>>,std::less<std::basic_string<char,std::char_traits<char>,std::allocator<char>>>,std::allocator<std::pair<const std::basic_string<char,std::char_traits<char>,std::allocator<char>>,std::basic_string<char,std::char_traits<char>,std::allocator<char>>>>>
          ]
  
  timebars.cpp
  Dummy.cpp
  Entity.cpp
C:\Users\mtayk\Desktop\SOURCES\re3-miami\re3\src\entities\Entity.cpp(763,58): warning C4312: приведение типов: преобразование из "int32" в "void *" большего размера
C:\Users\mtayk\Desktop\SOURCES\re3-miami\re3\src\entities\Entity.cpp(767,64): warning C4312: приведение типов: преобразование из "int32" в "void *" большего размера
  Physical.cpp
  GitSHA1.cpp
  custompipes.cpp
  custompipes_d3d9.cpp
  Создание кода...
  Компиляция...
  custompipes_gl.cpp
  debugmenu.cpp
C:\Users\mtayk\Desktop\SOURCES\re3-miami\re3\src\extras\debugmenu.cpp(436,1): warning C4267: =: преобразование из "size_t" в "int"; возможна потеря данных
  frontendoption.cpp
  postfx.cpp
  screendroplets.cpp
  fake.cpp
C:\Users\mtayk\Desktop\SOURCES\re3-miami\re3\src\fakerw\fake.cpp(501,15): warning C4244: инициализация: преобразование "rw::uintptr" в "rw::uint32", возможна потеря данных
  Matrix.cpp
  Quaternion.cpp
  Rect.cpp
  Vector.cpp
  math.cpp
  BaseModelInfo.cpp
  ClumpModelInfo.cpp
  ModelIndices.cpp
  ModelInfo.cpp
  PedModelInfo.cpp
  SimpleModelInfo.cpp
  TimeModelInfo.cpp
  VehicleModelInfo.cpp
  WeaponModelInfo.cpp
C:\Users\mtayk\Desktop\SOURCES\re3-miami\re3\src\modelinfo\WeaponModelInfo.cpp(38,17): warning C4312: приведение типов: преобразование из "int32" в "RpAtomic *" большего размера
  Создание кода...
  Компиляция...
  CutsceneObject.cpp
  DummyObject.cpp
  Object.cpp
C:\Users\mtayk\Desktop\SOURCES\re3-miami\re3\src\objects\Object.cpp(656,78): warning C4305: аргумент: усечение из "double" в "float"
  ObjectData.cpp
  ParticleObject.cpp
  Projectile.cpp
  Stinger.cpp
  CivilianPed.cpp
  CopPed.cpp
  EmergencyPed.cpp
  Gangs.cpp
  Ped.cpp
  PedAI.cpp
  PedAttractor.cpp
  PedChat.cpp
  PedDebug.cpp
  PedFight.cpp
  PedIK.cpp
  PedPlacement.cpp
  PedRoutes.cpp
  Создание кода...
  Компиляция...
  PedType.cpp
  PlayerPed.cpp
  Population.cpp
  Antennas.cpp
  Clouds.cpp
  Console.cpp
  Coronas.cpp
  Credits.cpp
  CutsceneShadow.cpp
  Draw.cpp
  Fluff.cpp
C:\Users\mtayk\Desktop\SOURCES\re3-miami\re3\src\render\Fluff.cpp(628,26): warning C4267: =: преобразование из "size_t" в "uint32"; возможна потеря данных
C:\Users\mtayk\Desktop\SOURCES\re3-miami\re3\src\render\Fluff.cpp(1296,28): warning C4312: приведение типов: преобразование из "int" в "CObject *" большего размера
  Font.cpp
C:\Users\mtayk\Desktop\SOURCES\re3-miami\re3\src\render\Font.cpp(513,52): warning C4312: приведение типов: преобразование из "int" в "void *" большего размера
  Glass.cpp
C:\Users\mtayk\Desktop\SOURCES\re3-miami\re3\src\render\Glass.cpp(274,51): warning C4312: приведение типов: преобразование из "RwUInt32" в "void *" большего размера
  Hud.cpp
  Instance.cpp
  Lines.cpp
  MBlur.cpp
  Occlusion.cpp
  Particle.cpp
  ParticleMgr.cpp
  Создание кода...
  Компиляция...
  PlayerSkin.cpp
  PointLights.cpp
  RenderBuffer.cpp
  Renderer.cpp
  Rubbish.cpp
  ShadowCamera.cpp
  Shadows.cpp
  Skidmarks.cpp
  SpecialFX.cpp
C:\Users\mtayk\Desktop\SOURCES\re3-miami\re3\src\render\SpecialFX.cpp(365,6): warning C4312: приведение типов: преобразование из "RwUInt32" в "void *" большего размера
  Sprite.cpp
  Sprite2d.cpp
  TexList.cpp
  Timecycle.cpp
  VarConsole.cpp
  WaterCannon.cpp
  WaterCreatures.cpp
  WaterLevel.cpp
  Weather.cpp
  WindModifiers.cpp
  ClumpRead.cpp
  Создание кода...
  Компиляция...
  Lights.cpp
  MemoryHeap.cpp
  MemoryMgr.cpp
  NodeName.cpp
  RwHelper.cpp
C:\Users\mtayk\Desktop\SOURCES\re3-miami\re3\src\rw\RwHelper.cpp(78,45): warning C4312: приведение типов: преобразование из "RwUInt32" в "void *" большего размера
C:\Users\mtayk\Desktop\SOURCES\re3-miami\re3\src\rw\RwHelper.cpp(81,3): warning C4312: приведение типов: преобразование из "RwUInt32" в "void *" большего размера
C:\Users\mtayk\Desktop\SOURCES\re3-miami\re3\src\rw\RwHelper.cpp(101,43): warning C4312: приведение типов: преобразование из "uint32" в "void *" большего размера
  RwMatFX.cpp
  RwPS2AlphaTest.cpp
  TexRead.cpp
  TexturePools.cpp
  TxdStore.cpp
  VisibilityPlugins.cpp
C:\Users\mtayk\Desktop\SOURCES\re3-miami\re3\src\rw\VisibilityPlugins.cpp(304,45): warning C4312: приведение типов: преобразование из "int" в "void *" большего размера
C:\Users\mtayk\Desktop\SOURCES\re3-miami\re3\src\rw\VisibilityPlugins.cpp(352,46): warning C4312: приведение типов: преобразование из "uint32" в "void *" большего размера
  Date.cpp
  GenericGameStorage.cpp
  MemoryCard.cpp
  PCSave.cpp
  crossplatform.cpp
  events.cpp
  glfw.cpp
  skeleton.cpp
  win.cpp
  Создание кода...
  Компиляция...
  Messages.cpp
  Pager.cpp
  Text.cpp
C:\Users\mtayk\Desktop\SOURCES\re3-miami\re3\src\text\Text.cpp(489,25): warning C4309: =: усечение константного значения
C:\Users\mtayk\Desktop\SOURCES\re3-miami\re3\src\text\Text.cpp(490,25): warning C4309: =: усечение константного значения
C:\Users\mtayk\Desktop\SOURCES\re3-miami\re3\src\text\Text.cpp(491,25): warning C4309: =: усечение константного значения
  Automobile.cpp
C:\Users\mtayk\Desktop\SOURCES\re3-miami\re3\src\vehicles\Automobile.cpp(5701,60): warning C4312: приведение типов: преобразование из "uint32" в "void *" большего размера
  Bike.cpp
  Boat.cpp
  CarGen.cpp
  Cranes.cpp
C:\Users\mtayk\Desktop\SOURCES\re3-miami\re3\src\vehicles\Cranes.cpp(630,29): warning C4312: приведение типов: преобразование из "int" в "CBuilding *" большего размера
C:\Users\mtayk\Desktop\SOURCES\re3-miami\re3\src\vehicles\Cranes.cpp(632,22): warning C4312: приведение типов: преобразование из "int" в "CObject *" большего размера
C:\Users\mtayk\Desktop\SOURCES\re3-miami\re3\src\vehicles\Cranes.cpp(634,33): warning C4312: приведение типов: преобразование из "int" в "CVehicle *" большего размера
  DamageManager.cpp
  Door.cpp
  Floater.cpp
  HandlingMgr.cpp
  Heli.cpp
  Plane.cpp
  Train.cpp
  Transmission.cpp
  Vehicle.cpp
C:\Users\mtayk\Desktop\SOURCES\re3-miami\re3\src\vehicles\Vehicle.cpp(2078,49): warning C4312: приведение типов: преобразование из "int32" в "void *" большего размера
  BulletInfo.cpp
  Explosion.cpp
  ProjectileInfo.cpp
  Создание кода...
  Компиляция...
  ShotInfo.cpp
  Weapon.cpp
  WeaponEffects.cpp
  WeaponInfo.cpp
  Создание кода...
  reVC.vcxproj -> C:\Users\mtayk\Desktop\SOURCES\re3-miami\re3\bin\win-amd64-librw_d3d9-oal\Release\reVC.exe
